<?xml version="1.0" encoding="UTF-8"?>
<testsuite name="PrimeCalculatorTest" tests="5" skipped="0" failures="0" errors="0" timestamp="2024-05-04T08:10:23" hostname="PIYUSH-PC" time="0.14">
  <properties/>
  <testcase name="testUndefinedPrime()" classname="PrimeCalculatorTest" time="0.114"/>
  <testcase name="testSixthPrime()" classname="PrimeCalculatorTest" time="0.006"/>
  <testcase name="testFirstPrime()" classname="PrimeCalculatorTest" time="0.001"/>
  <testcase name="testSecondPrime()" classname="PrimeCalculatorTest" time="0.001"/>
  <testcase name="testBigPrime()" classname="PrimeCalculatorTest" time="0.012"/>
  <system-out><![CDATA[]]></system-out>
  <system-err><![CDATA[]]></system-err>
</testsuite>
