<?xml version="1.0" encoding="UTF-8"?>
<testsuite name="PrimeCalculatorTest" tests="5" skipped="0" failures="0" errors="0" timestamp="2024-04-19T13:50:12" hostname="PIYUSH-PC" time="0.155">
  <properties/>
  <testcase name="testUndefinedPrime()" classname="PrimeCalculatorTest" time="0.116"/>
  <testcase name="testSixthPrime()" classname="PrimeCalculatorTest" time="0.006"/>
  <testcase name="testFirstPrime()" classname="PrimeCalculatorTest" time="0.003"/>
  <testcase name="testSecondPrime()" classname="PrimeCalculatorTest" time="0.003"/>
  <testcase name="testBigPrime()" classname="PrimeCalculatorTest" time="0.017"/>
  <system-out><![CDATA[]]></system-out>
  <system-err><![CDATA[]]></system-err>
</testsuite>
